<?xml version="1.0" encoding="UTF-8"?>
<!-- Generated by org.testng.reporters.JUnitReportReporter -->
<testsuite hostname="DESKTOP-3KOP925" failures="0" tests="1" name="medicare.testpages.SearchPageTest" time="7.294" errors="0" timestamp="2023-12-22T22:27:11 IST" skipped="0">
  <testcase classname="medicare.testpages.SearchPageTest" name="test_login" time="7.294"/>
  <system-out/>
</testsuite> <!-- medicare.testpages.SearchPageTest -->
