<?xml version="1.0" encoding="UTF-8"?>
<!-- Generated by org.testng.reporters.JUnitReportReporter -->
<testsuite hostname="DESKTOP-3KOP925" failures="0" tests="1" name="medicare.testassured.APIEndpoints" time="2.717" errors="0" timestamp="2023-12-21T11:19:36 IST" skipped="0">
  <testcase classname="medicare.testassured.APIEndpoints" name="deleteProduct" time="2.717"/>
  <system-out/>
</testsuite> <!-- medicare.testassured.APIEndpoints -->
